<?xml version="1.0" encoding="UTF-8"?>
<testng-results ignored="3" total="4" passed="1" failed="0" skipped="0">
  <reporter-output>
  </reporter-output>
  <suite started-at="2023-10-17T10:20:54Z" name="Suite" finished-at="2023-10-17T10:21:17Z" duration-ms="23024">
    <groups>
      <group name="smoke">
        <method signature="ToCreateLeadTest.toCreateALeadAndToVerifyTheLeadInformationTest()[pri:1, instance:leads_Module.ToCreateLeadTest@c9d0d6]" name="toCreateALeadAndToVerifyTheLeadInformationTest" class="leads_Module.ToCreateLeadTest"/>
      </group> <!-- smoke -->
    </groups>
    <test started-at="2023-10-17T10:20:54Z" name="Test" finished-at="2023-10-17T10:21:17Z" duration-ms="23024">
      <class name="leads_Module.ToCreateLeadTest">
        <test-method is-config="true" signature="bsConfig()[pri:0, instance:leads_Module.ToCreateLeadTest@c9d0d6]" started-at="2023-10-17T10:20:53Z" name="bsConfig" finished-at="2023-10-17T10:20:54Z" duration-ms="672" status="PASS">
          <reporter-output>
          </reporter-output>
        </test-method> <!-- bsConfig -->
        <test-method is-config="true" signature="bcConfig()[pri:0, instance:leads_Module.ToCreateLeadTest@c9d0d6]" started-at="2023-10-17T10:20:54Z" name="bcConfig" finished-at="2023-10-17T10:20:58Z" duration-ms="3983" status="PASS">
          <reporter-output>
          </reporter-output>
        </test-method> <!-- bcConfig -->
        <test-method is-config="true" signature="bmConfig()[pri:0, instance:leads_Module.ToCreateLeadTest@c9d0d6]" started-at="2023-10-17T10:20:58Z" name="bmConfig" finished-at="2023-10-17T10:21:02Z" duration-ms="3800" status="PASS">
          <reporter-output>
          </reporter-output>
        </test-method> <!-- bmConfig -->
        <test-method signature="toCreateALeadAndToVerifyTheLeadInformationTest()[pri:1, instance:leads_Module.ToCreateLeadTest@c9d0d6]" started-at="2023-10-17T10:21:02Z" name="toCreateALeadAndToVerifyTheLeadInformationTest" finished-at="2023-10-17T10:21:15Z" duration-ms="12708" status="PASS">
          <reporter-output>
          </reporter-output>
        </test-method> <!-- toCreateALeadAndToVerifyTheLeadInformationTest -->
        <test-method is-config="true" signature="amConfig()[pri:0, instance:leads_Module.ToCreateLeadTest@c9d0d6]" started-at="2023-10-17T10:21:15Z" name="amConfig" finished-at="2023-10-17T10:21:17Z" duration-ms="2008" status="PASS">
          <reporter-output>
          </reporter-output>
        </test-method> <!-- amConfig -->
        <test-method is-config="true" signature="acConfig()[pri:0, instance:leads_Module.ToCreateLeadTest@c9d0d6]" started-at="2023-10-17T10:21:17Z" name="acConfig" finished-at="2023-10-17T10:21:17Z" duration-ms="501" status="PASS">
          <reporter-output>
          </reporter-output>
        </test-method> <!-- acConfig -->
        <test-method is-config="true" signature="asConfig()[pri:0, instance:leads_Module.ToCreateLeadTest@c9d0d6]" started-at="2023-10-17T10:21:17Z" name="asConfig" finished-at="2023-10-17T10:21:17Z" duration-ms="16" status="PASS">
          <reporter-output>
          </reporter-output>
        </test-method> <!-- asConfig -->
      </class> <!-- leads_Module.ToCreateLeadTest -->
    </test> <!-- Test -->
  </suite> <!-- Suite -->
</testng-results>
