<?xml version="1.0" encoding="UTF-8"?>
<!-- Generated by org.testng.reporters.JUnitXMLReporter -->
<testsuite ignored="3" hostname="TYSS-Akash-Deb" failures="0" tests="1" name="Test" time="23.024" errors="0" timestamp="17 Oct 2023 10:21:17 GMT">
  <testcase classname="leads_Module.ToCreateLeadTest" name="toCreateALeadAndToVerifyTheLeadInformationTest" time="12.708"/>
  <testcase classname="product_Module.ToCreateAProductTest" name="toCreateAProductWithVendorInformationTest" time="0.0">
    <ignored/>
  </testcase> <!-- toCreateAProductWithVendorInformationTest -->
  <testcase classname="genericUtility.BaseClass" name="@AfterSuite asConfig" time="0.0">
    <ignored/>
  </testcase> <!-- @AfterSuite asConfig -->
  <testcase classname="genericUtility.BaseClass" name="@BeforeSuite bsConfig" time="0.0">
    <ignored/>
  </testcase> <!-- @BeforeSuite bsConfig -->
</testsuite> <!-- Test -->
